This is XeTeX, Version 3.141592653-2.6-0.999994 (MiKTeX 22.3) (preloaded format=xelatex 2022.5.27)  11 NOV 2022 11:41
entering extended mode
 restricted \write18 enabled.
 %&-line parsing enabled.
**./_main.tex
(_main.tex
LaTeX2e <2021-11-15> patch level 1
L3 programming layer <2022-02-24> (C:\Users\Jarvis\AppData\Local\Programs\MiKTe
X\tex/latex/base\book.cls
Document Class: book 2021/10/04 v1.4n Standard LaTeX document class
(C:\Users\Jarvis\AppData\Local\Programs\MiKTeX\tex/latex/base\bk11.clo
File: bk11.clo 2021/10/04 v1.4n Standard LaTeX file (size option)
)
\c@part=\count181
\c@chapter=\count182
\c@section=\count183
\c@subsection=\count184
\c@subsubsection=\count185
\c@paragraph=\count186
\c@subparagraph=\count187
\c@figure=\count188
\c@table=\count189
\abovecaptionskip=\skip47
\belowcaptionskip=\skip48
\bibindent=\dimen138
) (C:\Users\Jarvis\AppData\Local\Programs\MiKTeX\tex/latex/amsmath\amsmath.sty
Package: amsmath 2021/10/15 v2.17l AMS math features
\@mathmargin=\skip49
For additional information on amsmath, use the `?' option.
(C:\Users\Jarvis\AppData\Local\Programs\MiKTeX\tex/latex/amsmath\amstext.sty
Package: amstext 2021/08/26 v2.01 AMS text
(C:\Users\Jarvis\AppData\Local\Programs\MiKTeX\tex/latex/amsmath\amsgen.sty
File: amsgen.sty 1999/11/30 v2.0 generic functions
\@emptytoks=\toks16
\ex@=\dimen139
)) (C:\Users\Jarvis\AppData\Local\Programs\MiKTeX\tex/latex/amsmath\amsbsy.sty
Package: amsbsy 1999/11/29 v1.2d Bold Symbols
\pmbraise@=\dimen140
) (C:\Users\Jarvis\AppData\Local\Programs\MiKTeX\tex/latex/amsmath\amsopn.sty
Package: amsopn 2021/08/26 v2.02 operator names
)
\inf@bad=\count190
LaTeX Info: Redefining \frac on input line 234.
\uproot@=\count191
\leftroot@=\count192
LaTeX Info: Redefining \overline on input line 399.
\classnum@=\count193
\DOTSCASE@=\count194
LaTeX Info: Redefining \ldots on input line 496.
LaTeX Info: Redefining \dots on input line 499.
LaTeX Info: Redefining \cdots on input line 620.
\Mathstrutbox@=\box50
\strutbox@=\box51
\big@size=\dimen141
LaTeX Font Info:    Redeclaring font encoding OML on input line 743.
LaTeX Font Info:    Redeclaring font encoding OMS on input line 744.
\macc@depth=\count195
\c@MaxMatrixCols=\count196
\dotsspace@=\muskip16
\c@parentequation=\count197
\dspbrk@lvl=\count198
\tag@help=\toks17
\row@=\count199
\column@=\count266
\maxfields@=\count267
\andhelp@=\toks18
\eqnshift@=\dimen142
\alignsep@=\dimen143
\tagshift@=\dimen144
\tagwidth@=\dimen145
\totwidth@=\dimen146
\lineht@=\dimen147
\@envbody=\toks19
\multlinegap=\skip50
\multlinetaggap=\skip51
\mathdisplay@stack=\toks20
LaTeX Info: Redefining \[ on input line 2938.
LaTeX Info: Redefining \] on input line 2939.
) (C:\Users\Jarvis\AppData\Local\Programs\MiKTeX\tex/latex/amsfonts\amssymb.sty
Package: amssymb 2013/01/14 v3.01 AMS font symbols
(C:\Users\Jarvis\AppData\Local\Programs\MiKTeX\tex/latex/amsfonts\amsfonts.sty
Package: amsfonts 2013/01/14 v3.01 Basic AMSFonts support
\symAMSa=\mathgroup4
\symAMSb=\mathgroup5
LaTeX Font Info:    Redeclaring math symbol \hbar on input line 98.
LaTeX Font Info:    Overwriting math alphabet `\mathfrak' in version `bold'
(Font)                  U/euf/m/n --> U/euf/b/n on input line 106.
)) (C:\Users\Jarvis\AppData\Local\Programs\MiKTeX\tex/latex/psnfss\times.sty
Package: times 2020/03/25 PSNFSS-v9.3 (SPQR) 
) (C:\Users\Jarvis\AppData\Local\Programs\MiKTeX\tex/generic/iftex\iftex.sty
Package: iftex 2022/02/03 v1.0f TeX engine tests
)
(C:\Users\Jarvis\AppData\Local\Programs\MiKTeX\tex/latex/unicode-math\unicode-m
ath.sty (C:\Users\Jarvis\AppData\Local\Programs\MiKTeX\tex/latex/l3kernel\expl3
.sty
Package: expl3 2022-02-24 L3 programming layer (loader) 

(C:\Users\Jarvis\AppData\Local\Programs\MiKTeX\tex/latex/l3backend\l3backend-xe
tex.def
File: l3backend-xetex.def 2022-02-07 L3 backend support: XeTeX
()
\c__kernel_sys_dvipdfmx_version_int=\count268
\l__color_backend_stack_int=\count269
\g__color_backend_stack_int=\count270
\g__graphics_track_int=\count271
\l__pdf_internal_box=\box52
\g__pdf_backend_object_int=\count272
\g__pdf_backend_annotation_int=\count273
\g__pdf_backend_link_int=\count274
))
Package: unicode-math 2020/01/31 v0.8q Unicode maths in XeLaTeX and LuaLaTeX

(C:\Users\Jarvis\AppData\Local\Programs\MiKTeX\tex/latex/unicode-math\unicode-m
ath-xetex.sty
Package: unicode-math-xetex 2020/01/31 v0.8q Unicode maths in XeLaTeX and LuaLa
TeX

(C:\Users\Jarvis\AppData\Local\Programs\MiKTeX\tex/latex/l3packages/xparse\xpar
se.sty
Package: xparse 2022-01-12 L3 Experimental document command parser
)
(C:\Users\Jarvis\AppData\Local\Programs\MiKTeX\tex/latex/l3packages/l3keys2e\l3
keys2e.sty
Package: l3keys2e 2022-01-12 LaTeX2e option processing using LaTeX3 keys
) (C:\Users\Jarvis\AppData\Local\Programs\MiKTeX\tex/latex/fontspec\fontspec.st
y
Package: fontspec 2022/01/15 v2.8a Font selection for XeLaTeX and LuaLaTeX

(C:\Users\Jarvis\AppData\Local\Programs\MiKTeX\tex/latex/fontspec\fontspec-xete
x.sty
Package: fontspec-xetex 2022/01/15 v2.8a Font selection for XeLaTeX and LuaLaTe
X
\l__fontspec_script_int=\count275
\l__fontspec_language_int=\count276
\l__fontspec_strnum_int=\count277
\l__fontspec_tmp_int=\count278
\l__fontspec_tmpa_int=\count279
\l__fontspec_tmpb_int=\count280
\l__fontspec_tmpc_int=\count281
\l__fontspec_em_int=\count282
\l__fontspec_emdef_int=\count283
\l__fontspec_strong_int=\count284
\l__fontspec_strongdef_int=\count285
\l__fontspec_tmpa_dim=\dimen148
\l__fontspec_tmpb_dim=\dimen149
\l__fontspec_tmpc_dim=\dimen150
(C:\Users\Jarvis\AppData\Local\Programs\MiKTeX\tex/latex/base\fontenc.sty
Package: fontenc 2021/04/29 v2.0v Standard LaTeX package
) (C:\Users\Jarvis\AppData\Local\Programs\MiKTeX\tex/latex/fontspec\fontspec.cf
g))) (C:\Users\Jarvis\AppData\Local\Programs\MiKTeX\tex/latex/base\fix-cm.sty
Package: fix-cm 2020/11/24 v1.1t fixes to LaTeX
(C:\Users\Jarvis\AppData\Local\Programs\MiKTeX\tex/latex/base\ts1enc.def
File: ts1enc.def 2001/06/05 v3.0e (jk/car/fm) Standard LaTeX file
LaTeX Font Info:    Redeclaring font encoding TS1 on input line 47.
))
\g__um_fam_int=\count286
\g__um_fonts_used_int=\count287
\l__um_primecount_int=\count288
\g__um_primekern_muskip=\muskip17

(C:\Users\Jarvis\AppData\Local\Programs\MiKTeX\tex/latex/unicode-math\unicode-m
ath-table.tex))) (C:\Users\Jarvis\AppData\Local\Programs\MiKTeX\tex/latex/upquo
te\upquote.sty
Package: upquote 2012/04/19 v1.3 upright-quote and grave-accent glyphs in verba
tim
(C:\Users\Jarvis\AppData\Local\Programs\MiKTeX\tex/latex/base\textcomp.sty
Package: textcomp 2020/02/02 v2.0n Standard LaTeX package
))
(C:\Users\Jarvis\AppData\Local\Programs\MiKTeX\tex/latex/microtype\microtype.st
y
Package: microtype 2022/03/14 v3.0d Micro-typographical refinements (RS)
(C:\Users\Jarvis\AppData\Local\Programs\MiKTeX\tex/latex/graphics\keyval.sty
Package: keyval 2014/10/28 v1.15 key=value parser (DPC)
\KV@toks@=\toks21
) (C:\Users\Jarvis\AppData\Local\Programs\MiKTeX\tex/latex/etoolbox\etoolbox.st
y
Package: etoolbox 2020/10/05 v2.5k e-TeX tools for LaTeX (JAW)
\etb@tempcnta=\count289
)
\MT@toks=\toks22
\MT@tempbox=\box53
\MT@count=\count290
LaTeX Info: Redefining \noprotrusionifhmode on input line 1027.
LaTeX Info: Redefining \leftprotrusion on input line 1028.
LaTeX Info: Redefining \rightprotrusion on input line 1036.
LaTeX Info: Redefining \textls on input line 1195.
\MT@outer@kern=\dimen151
LaTeX Info: Redefining \textmicrotypecontext on input line 1781.
\MT@listname@count=\count291

(C:\Users\Jarvis\AppData\Local\Programs\MiKTeX\tex/latex/microtype\microtype-xe
tex.def
File: microtype-xetex.def 2022/03/14 v3.0d Definitions specific to xetex (RS)
LaTeX Info: Redefining \lsstyle on input line 236.
)
Package microtype Info: Loading configuration file microtype.cfg.

(C:\Users\Jarvis\AppData\Local\Programs\MiKTeX\tex/latex/microtype\microtype.cf
g
File: microtype.cfg 2022/03/14 v3.0d microtype main configuration file (RS)
)) (C:\Users\Jarvis\AppData\Local\Programs\MiKTeX\tex/latex/parskip\parskip.sty
Package: parskip 2021-03-14 v2.0h non-zero parskip adjustments

(C:\Users\Jarvis\AppData\Local\Programs\MiKTeX\tex/latex/kvoptions\kvoptions.st
y
Package: kvoptions 2020-10-07 v3.14 Key value format for package options (HO)
(C:\Users\Jarvis\AppData\Local\Programs\MiKTeX\tex/generic/ltxcmds\ltxcmds.sty
Package: ltxcmds 2020-05-10 v1.25 LaTeX kernel commands for general use (HO)
)
(C:\Users\Jarvis\AppData\Local\Programs\MiKTeX\tex/generic/kvsetkeys\kvsetkeys.
sty
Package: kvsetkeys 2019/12/15 v1.18 Key value parser (HO)
))) (C:\Users\Jarvis\AppData\Local\Programs\MiKTeX\tex/latex/xcolor\xcolor.sty
Package: xcolor 2021/10/31 v2.13 LaTeX color extensions (UK)

(C:\Users\Jarvis\AppData\Local\Programs\MiKTeX\tex/latex/graphics-cfg\color.cfg
File: color.cfg 2016/01/02 v1.6 sample color configuration
)
Package xcolor Info: Driver file: xetex.def on input line 227.

(C:\Users\Jarvis\AppData\Local\Programs\MiKTeX\tex/latex/graphics-def\xetex.def
File: xetex.def 2021/03/18 v5.0k Graphics/color driver for xetex
)
Package xcolor Info: Model `cmy' substituted by `cmy0' on input line 1352.
Package xcolor Info: Model `RGB' extended on input line 1368.
Package xcolor Info: Model `HTML' substituted by `rgb' on input line 1370.
Package xcolor Info: Model `Hsb' substituted by `hsb' on input line 1371.
Package xcolor Info: Model `tHsb' substituted by `hsb' on input line 1372.
Package xcolor Info: Model `HSB' substituted by `hsb' on input line 1373.
Package xcolor Info: Model `Gray' substituted by `gray' on input line 1374.
Package xcolor Info: Model `wave' substituted by `hsb' on input line 1375.
) (C:\Users\Jarvis\AppData\Local\Programs\MiKTeX\tex/latex/geometry\geometry.st
y
Package: geometry 2020/01/02 v5.9 Page Geometry
(C:\Users\Jarvis\AppData\Local\Programs\MiKTeX\tex/generic/iftex\ifvtex.sty
Package: ifvtex 2019/10/25 v1.7 ifvtex legacy package. Use iftex instead.
)
\Gm@cnth=\count292
\Gm@cntv=\count293
\c@Gm@tempcnt=\count294
\Gm@bindingoffset=\dimen152
\Gm@wd@mp=\dimen153
\Gm@odd@mp=\dimen154
\Gm@even@mp=\dimen155
\Gm@layoutwidth=\dimen156
\Gm@layoutheight=\dimen157
\Gm@layouthoffset=\dimen158
\Gm@layoutvoffset=\dimen159
\Gm@dimlist=\toks23
(C:\Users\Jarvis\AppData\Local\Programs\MiKTeX\tex/latex/geometry\geometry.cfg)
) (C:\Users\Jarvis\AppData\Local\Programs\MiKTeX\tex/latex/fancyvrb\fancyvrb.st
y
Package: fancyvrb 2022/04/12 4.2 verbatim text (tvz,hv)
\FV@CodeLineNo=\count295
\FV@InFile=\read2
\FV@TabBox=\box54
\c@FancyVerbLine=\count296
\FV@StepNumber=\count297
\FV@OutFile=\write3
) (C:\Users\Jarvis\AppData\Local\Programs\MiKTeX\tex/latex/framed\framed.sty
Package: framed 2011/10/22 v 0.96: framed or shaded text with page breaks
\OuterFrameSep=\skip52
\fb@frw=\dimen160
\fb@frh=\dimen161
\FrameRule=\dimen162
\FrameSep=\dimen163
) (C:\Users\Jarvis\AppData\Local\Programs\MiKTeX\tex/latex/tools\longtable.sty
Package: longtable 2021-09-01 v4.17 Multi-page Table package (DPC)
\LTleft=\skip53
\LTright=\skip54
\LTpre=\skip55
\LTpost=\skip56
\LTchunksize=\count298
\LTcapwidth=\dimen164
\LT@head=\box55
\LT@firsthead=\box56
\LT@foot=\box57
\LT@lastfoot=\box58
\LT@gbox=\box59
\LT@cols=\count299
\LT@rows=\count300
\c@LT@tables=\count301
\c@LT@chunks=\count302
\LT@p@ftn=\toks24
) (C:\Users\Jarvis\AppData\Local\Programs\MiKTeX\tex/latex/booktabs\booktabs.st
y
Package: booktabs 2020/01/12 v1.61803398 Publication quality tables
\heavyrulewidth=\dimen165
\lightrulewidth=\dimen166
\cmidrulewidth=\dimen167
\belowrulesep=\dimen168
\belowbottomsep=\dimen169
\aboverulesep=\dimen170
\abovetopsep=\dimen171
\cmidrulesep=\dimen172
\cmidrulekern=\dimen173
\defaultaddspace=\dimen174
\@cmidla=\count303
\@cmidlb=\count304
\@aboverulesep=\dimen175
\@belowrulesep=\dimen176
\@thisruleclass=\count305
\@lastruleclass=\count306
\@thisrulewidth=\dimen177
) (C:\Users\Jarvis\AppData\Local\Programs\MiKTeX\tex/latex/tools\array.sty
Package: array 2021/10/04 v2.5f Tabular extension package (FMi)
\col@sep=\dimen178
\ar@mcellbox=\box60
\extrarowheight=\dimen179
\NC@list=\toks25
\extratabsurround=\skip57
\backup@length=\skip58
\ar@cellbox=\box61
) (C:\Users\Jarvis\AppData\Local\Programs\MiKTeX\tex/latex/tools\calc.sty
Package: calc 2017/05/25 v4.3 Infix arithmetic (KKT,FJ)
\calc@Acount=\count307
\calc@Bcount=\count308
\calc@Adimen=\dimen180
\calc@Bdimen=\dimen181
\calc@Askip=\skip59
\calc@Bskip=\skip60
LaTeX Info: Redefining \setlength on input line 80.
LaTeX Info: Redefining \addtolength on input line 81.
\calc@Ccount=\count309
\calc@Cskip=\skip61
)
(C:\Users\Jarvis\AppData\Local\Programs\MiKTeX\tex/latex/footnotehyper\footnote
hyper.sty
Package: footnotehyper 2021/08/13 v1.1e hyperref aware footnote.sty (JFB)
\FNH@notes=\box62
\FNH@width=\dimen182
\FNH@toks=\toks26
) (C:\Users\Jarvis\AppData\Local\Programs\MiKTeX\tex/latex/graphics\graphicx.st
y
Package: graphicx 2021/09/16 v1.2d Enhanced LaTeX Graphics (DPC,SPQR)
(C:\Users\Jarvis\AppData\Local\Programs\MiKTeX\tex/latex/graphics\graphics.sty
Package: graphics 2021/03/04 v1.4d Standard LaTeX Graphics (DPC,SPQR)
(C:\Users\Jarvis\AppData\Local\Programs\MiKTeX\tex/latex/graphics\trig.sty
Package: trig 2021/08/11 v1.11 sin cos tan (DPC)
)
(C:\Users\Jarvis\AppData\Local\Programs\MiKTeX\tex/latex/graphics-cfg\graphics.
cfg
File: graphics.cfg 2016/06/04 v1.11 sample graphics configuration
)
Package graphics Info: Driver file: xetex.def on input line 107.
)
\Gin@req@height=\dimen183
\Gin@req@width=\dimen184
) (C:\Users\Jarvis\AppData\Local\Programs\MiKTeX\tex/generic/babel\babel.sty
Package: babel 2022/02/26 3.73 The Babel package
\babel@savecnt=\count310
\U@D=\dimen185
\l@unhyphenated=\language79
(C:\Users\Jarvis\AppData\Local\Programs\MiKTeX\tex/generic/babel\xebabel.def (C
:\Users\Jarvis\AppData\Local\Programs\MiKTeX\tex/generic/babel\txtbabel.def))
\bbl@readstream=\read3
\bbl@dirlevel=\count311
*************************************
* Local config file bblopts.cfg used
*
(C:\Users\Jarvis\AppData\Local\Programs\MiKTeX\tex/latex/arabi\bblopts.cfg
File: bblopts.cfg 2005/09/08 v0.1 add Arabic and Farsi to "declared" options of
 babel
)
Package babel Info: You haven't specified a language. I'll use 'nil'
(babel)             as the main language. Reported on input line 4305.
(C:\Users\Jarvis\AppData\Local\Programs\MiKTeX\tex/generic/babel\nil.ldf
Language: nil 2022/02/26 3.73 Nil language
\l@nil=\language80
))
\everypar=\toks27

(C:\Users\Jarvis\AppData\Local\Programs\MiKTeX\tex/generic/babel/locale/es\babe
l-spanish.tex)
Package babel Info: Importing data for spanish
(babel)             from babel-es.ini. Reported on input line 110.
Package babel Info: Hyphen rules for 'spanish' set to \l@spanish
(babel)             (\language65). Reported on input line 110.
(C:\Users\Jarvis\AppData\Local\Programs\MiKTeX\tex/latex/base\inputenc.sty
Package: inputenc 2021/02/14 v1.3d Input encoding file
\inpenc@prehook=\toks28
\inpenc@posthook=\toks29

Package inputenc Warning: inputenc package ignored with utf8 based engines.

) (C:\Users\Jarvis\AppData\Local\Programs\MiKTeX\tex/latex/fncychap\fncychap.st
y
Package: fncychap 2007/07/30 v1.34 LaTeX package (Revised chapters)
\RW=\skip62
\mylen=\skip63
\myhi=\skip64
\px=\skip65
\py=\skip66
\pyy=\skip67
\pxx=\skip68
\backskip=\skip69
) (C:\Users\Jarvis\AppData\Local\Programs\MiKTeX\tex/latex/natbib\natbib.sty
Package: natbib 2010/09/13 8.31b (PWD, AO)
\bibhang=\skip70
\bibsep=\skip71
LaTeX Info: Redefining \cite on input line 694.
\c@NAT@ctr=\count312
) (C:\Users\Jarvis\AppData\Local\Programs\MiKTeX\tex/latex/bookmark\bookmark.st
y
Package: bookmark 2020-11-06 v1.29 PDF bookmarks (HO)
(C:\Users\Jarvis\AppData\Local\Programs\MiKTeX\tex/latex/hyperref\hyperref.sty
Package: hyperref 2022-02-21 v7.00n Hypertext links for LaTeX

(C:\Users\Jarvis\AppData\Local\Programs\MiKTeX\tex/generic/pdftexcmds\pdftexcmd
s.sty
Package: pdftexcmds 2020-06-27 v0.33 Utility functions of pdfTeX for LuaTeX (HO
)

(C:\Users\Jarvis\AppData\Local\Programs\MiKTeX\tex/generic/infwarerr\infwarerr.
sty
Package: infwarerr 2019/12/03 v1.5 Providing info/warning/error messages (HO)
)
Package pdftexcmds Info: \pdf@primitive is available.
Package pdftexcmds Info: \pdf@ifprimitive is available.
Package pdftexcmds Info: \pdfdraftmode not found.
)
(C:\Users\Jarvis\AppData\Local\Programs\MiKTeX\tex/generic/kvdefinekeys\kvdefin
ekeys.sty
Package: kvdefinekeys 2019-12-19 v1.6 Define keys (HO)
)
(C:\Users\Jarvis\AppData\Local\Programs\MiKTeX\tex/generic/pdfescape\pdfescape.
sty
Package: pdfescape 2019/12/09 v1.15 Implements pdfTeX's escape features (HO)
) (C:\Users\Jarvis\AppData\Local\Programs\MiKTeX\tex/latex/hycolor\hycolor.sty
Package: hycolor 2020-01-27 v1.10 Color options for hyperref/bookmark (HO)
)
(C:\Users\Jarvis\AppData\Local\Programs\MiKTeX\tex/latex/letltxmacro\letltxmacr
o.sty
Package: letltxmacro 2019/12/03 v1.6 Let assignment for LaTeX macros (HO)
) (C:\Users\Jarvis\AppData\Local\Programs\MiKTeX\tex/latex/auxhook\auxhook.sty
Package: auxhook 2019-12-17 v1.6 Hooks for auxiliary files (HO)
)
\@linkdim=\dimen186
\Hy@linkcounter=\count313
\Hy@pagecounter=\count314
(C:\Users\Jarvis\AppData\Local\Programs\MiKTeX\tex/latex/hyperref\pd1enc.def
File: pd1enc.def 2022-02-21 v7.00n Hyperref: PDFDocEncoding definition (HO)
) (C:\Users\Jarvis\AppData\Local\Programs\MiKTeX\tex/generic/intcalc\intcalc.st
y
Package: intcalc 2019/12/15 v1.3 Expandable calculations with integers (HO)
)
(C:\Users\Jarvis\AppData\Local\Programs\MiKTeX\tex/generic/etexcmds\etexcmds.st
y
Package: etexcmds 2019/12/15 v1.7 Avoid name clashes with e-TeX commands (HO)
)
\Hy@SavedSpaceFactor=\count315
(C:\Users\Jarvis\AppData\Local\Programs\MiKTeX\tex/latex/hyperref\puenc.def
File: puenc.def 2022-02-21 v7.00n Hyperref: PDF Unicode definition (HO)
)
Package hyperref Info: Option `unicode' set `true' on input line 4018.
Package hyperref Info: Hyper figures OFF on input line 4137.
Package hyperref Info: Link nesting OFF on input line 4142.
Package hyperref Info: Hyper index ON on input line 4145.
Package hyperref Info: Plain pages OFF on input line 4152.
Package hyperref Info: Backreferencing OFF on input line 4157.
Package hyperref Info: Implicit mode ON; LaTeX internals redefined.
Package hyperref Info: Bookmarks ON on input line 4390.
\c@Hy@tempcnt=\count316
(C:\Users\Jarvis\AppData\Local\Programs\MiKTeX\tex/latex/url\url.sty
\Urlmuskip=\muskip18
Package: url 2013/09/16  ver 3.4  Verb mode for urls, etc.
)
LaTeX Info: Redefining \url on input line 4749.
\XeTeXLinkMargin=\dimen187
(C:\Users\Jarvis\AppData\Local\Programs\MiKTeX\tex/generic/bitset\bitset.sty
Package: bitset 2019/12/09 v1.3 Handle bit-vector datatype (HO)

(C:\Users\Jarvis\AppData\Local\Programs\MiKTeX\tex/generic/bigintcalc\bigintcal
c.sty
Package: bigintcalc 2019/12/15 v1.5 Expandable calculations on big integers (HO
)
))
\Fld@menulength=\count317
\Field@Width=\dimen188
\Fld@charsize=\dimen189
Package hyperref Info: Hyper figures OFF on input line 6027.
Package hyperref Info: Link nesting OFF on input line 6032.
Package hyperref Info: Hyper index ON on input line 6035.
Package hyperref Info: backreferencing OFF on input line 6042.
Package hyperref Info: Link coloring OFF on input line 6047.
Package hyperref Info: Link coloring with OCG OFF on input line 6052.
Package hyperref Info: PDF/A mode OFF on input line 6057.
LaTeX Info: Redefining \ref on input line 6097.
LaTeX Info: Redefining \pageref on input line 6101.
(C:\Users\Jarvis\AppData\Local\Programs\MiKTeX\tex/latex/base\atbegshi-ltx.sty
Package: atbegshi-ltx 2021/01/10 v1.0c Emulation of the original atbegshi
package with kernel methods
)
\Hy@abspage=\count318
\c@Item=\count319
\c@Hfootnote=\count320
)
Package hyperref Info: Driver (autodetected): hxetex.
(C:\Users\Jarvis\AppData\Local\Programs\MiKTeX\tex/latex/hyperref\hxetex.def
File: hxetex.def 2022-02-21 v7.00n Hyperref driver for XeTeX

(C:\Users\Jarvis\AppData\Local\Programs\MiKTeX\tex/generic/stringenc\stringenc.
sty
Package: stringenc 2019/11/29 v1.12 Convert strings between diff. encodings (HO
)
)
\pdfm@box=\box63
\c@Hy@AnnotLevel=\count321
\HyField@AnnotCount=\count322
\Fld@listcount=\count323
\c@bookmark@seq@number=\count324

(C:\Users\Jarvis\AppData\Local\Programs\MiKTeX\tex/latex/rerunfilecheck\rerunfi
lecheck.sty
Package: rerunfilecheck 2019/12/05 v1.9 Rerun checks for auxiliary files (HO)

(C:\Users\Jarvis\AppData\Local\Programs\MiKTeX\tex/latex/base\atveryend-ltx.sty
Package: atveryend-ltx 2020/08/19 v1.0a Emulation of the original atveryend pac
kage
with kernel methods
)
(C:\Users\Jarvis\AppData\Local\Programs\MiKTeX\tex/generic/uniquecounter\unique
counter.sty
Package: uniquecounter 2019/12/15 v1.4 Provide unlimited unique counter (HO)
)
Package uniquecounter Info: New unique counter `rerunfilecheck' on input line 2
86.
)
\Hy@SectionHShift=\skip72
)
(C:\Users\Jarvis\AppData\Local\Programs\MiKTeX\tex/latex/bookmark\bkm-dvipdfm.d
ef
File: bkm-dvipdfm.def 2020-11-06 v1.29 bookmark driver for dvipdfm (HO)
\BKM@id=\count325
)) (C:\Users\Jarvis\AppData\Local\Programs\MiKTeX\tex/latex/xurl\xurl.sty
Package: xurl 2022/01/09 v 0.10 modify URL breaks
) (_main.aux)
\openout1 = `_main.aux'.

LaTeX Font Info:    Checking defaults for OML/cmm/m/it on input line 137.
LaTeX Font Info:    ... okay on input line 137.
LaTeX Font Info:    Checking defaults for OMS/cmsy/m/n on input line 137.
LaTeX Font Info:    ... okay on input line 137.
LaTeX Font Info:    Checking defaults for OT1/cmr/m/n on input line 137.
LaTeX Font Info:    ... okay on input line 137.
LaTeX Font Info:    Checking defaults for T1/cmr/m/n on input line 137.
LaTeX Font Info:    ... okay on input line 137.
LaTeX Font Info:    Checking defaults for TS1/cmr/m/n on input line 137.
LaTeX Font Info:    ... okay on input line 137.
LaTeX Font Info:    Checking defaults for TU/lmr/m/n on input line 137.
LaTeX Font Info:    ... okay on input line 137.
LaTeX Font Info:    Checking defaults for OMX/cmex/m/n on input line 137.
LaTeX Font Info:    ... okay on input line 137.
LaTeX Font Info:    Checking defaults for U/cmr/m/n on input line 137.
LaTeX Font Info:    ... okay on input line 137.
LaTeX Font Info:    Checking defaults for PD1/pdf/m/n on input line 137.
LaTeX Font Info:    ... okay on input line 137.
LaTeX Font Info:    Checking defaults for PU/pdf/m/n on input line 137.
LaTeX Font Info:    ... okay on input line 137.
LaTeX Font Info:    Overwriting math alphabet `\mathrm' in version `normal'
(Font)                  OT1/cmr/m/n --> TU/lmr/m/n on input line 137.
LaTeX Font Info:    Overwriting math alphabet `\mathit' in version `normal'
(Font)                  OT1/cmr/m/it --> TU/lmr/m/it on input line 137.
LaTeX Font Info:    Overwriting math alphabet `\mathbf' in version `normal'
(Font)                  OT1/cmr/bx/n --> TU/lmr/bx/n on input line 137.
LaTeX Font Info:    Overwriting math alphabet `\mathsf' in version `normal'
(Font)                  OT1/cmss/m/n --> TU/lmss/m/n on input line 137.
LaTeX Font Info:    Overwriting math alphabet `\mathsf' in version `bold'
(Font)                  OT1/cmss/bx/n --> TU/lmss/bx/n on input line 137.
LaTeX Font Info:    Overwriting math alphabet `\mathtt' in version `normal'
(Font)                  OT1/cmtt/m/n --> TU/lmtt/m/n on input line 137.
LaTeX Font Info:    Overwriting math alphabet `\mathtt' in version `bold'
(Font)                  OT1/cmtt/m/n --> TU/lmtt/bx/n on input line 137.

Package fontspec Info: latinmodern-math scale = 0.9999967668407183.


Package fontspec Info: latinmodern-math scale = 0.9999967668407183.


Package fontspec Info: latinmodern-math scale = 0.9999967668407183.


Package fontspec Info: Font family 'latinmodern-math.otf(0)' created for font
(fontspec)             'latinmodern-math.otf' with options
(fontspec)             [Scale=MatchLowercase,BoldItalicFont={},ItalicFont={},Sm
allCapsFont={},Script=Math,BoldFont={latinmodern-math.otf}].
(fontspec)              
(fontspec)              This font family consists of the following NFSS
(fontspec)             series/shapes:
(fontspec)              
(fontspec)             - 'normal' (m/n) with NFSS spec.:
(fontspec)             <->s*[0.9999967668407183]"[latinmodern-math.otf]/OT:scri
pt=math;language=dflt;"
(fontspec)             - 'small caps'  (m/sc) with NFSS spec.: 
(fontspec)             - 'bold' (b/n) with NFSS spec.:
(fontspec)             <->s*[0.9999967668407183]"[latinmodern-math.otf]/OT:scri
pt=math;language=dflt;"
(fontspec)             - 'bold small caps'  (b/sc) with NFSS spec.: 

LaTeX Font Info:    Font shape `TU/latinmodern-math.otf(0)/m/n' will be
(Font)              scaled to size 10.95pt on input line 137.

Package fontspec Info: latinmodern-math scale = 0.9999967668407183.


Package fontspec Info: latinmodern-math scale = 0.9999967668407183.


Package fontspec Info: latinmodern-math scale = 0.9999967668407183.


Package fontspec Info: latinmodern-math scale = 0.9999967668407183.


Package fontspec Info: latinmodern-math scale = 0.9999967668407183.


Package fontspec Info: Font family 'latinmodern-math.otf(1)' created for font
(fontspec)             'latinmodern-math.otf' with options
(fontspec)             [Scale=MatchLowercase,BoldItalicFont={},ItalicFont={},Sm
allCapsFont={},Script=Math,SizeFeatures={{Size=9.3075-},{Size=6.57-9.3075,Font=
latinmodern-math.otf,Style=MathScript},{Size=-6.57,Font=latinmodern-math.otf,St
yle=MathScriptScript}},BoldFont={latinmodern-math.otf}].
(fontspec)              
(fontspec)              This font family consists of the following NFSS
(fontspec)             series/shapes:
(fontspec)              
(fontspec)             - 'normal' (m/n) with NFSS spec.:
(fontspec)             <9.3075->s*[0.9999967668407183]"[latinmodern-math.otf]/O
T:script=math;language=dflt;"<6.57-9.3075>s*[0.9999967668407183]"[latinmodern-m
ath.otf]/OT:script=math;language=dflt;+ssty=0;"<-6.57>s*[0.9999967668407183]"[l
atinmodern-math.otf]/OT:script=math;language=dflt;+ssty=1;"
(fontspec)             - 'small caps'  (m/sc) with NFSS spec.: 
(fontspec)             - 'bold' (b/n) with NFSS spec.:
(fontspec)             <->s*[0.9999967668407183]"[latinmodern-math.otf]/OT:scri
pt=math;language=dflt;"
(fontspec)             - 'bold small caps'  (b/sc) with NFSS spec.: 

LaTeX Font Info:    Font shape `TU/latinmodern-math.otf(1)/m/n' will be
(Font)              scaled to size 10.95pt on input line 137.
LaTeX Font Info:    Encoding `OT1' has changed to `TU' for symbol font
(Font)              `operators' in the math version `normal' on input line 137.

LaTeX Font Info:    Overwriting symbol font `operators' in version `normal'
(Font)                  OT1/cmr/m/n --> TU/latinmodern-math.otf(1)/m/n on input
 line 137.
LaTeX Font Info:    Encoding `OT1' has changed to `TU' for symbol font
(Font)              `operators' in the math version `bold' on input line 137.
LaTeX Font Info:    Overwriting symbol font `operators' in version `bold'
(Font)                  OT1/cmr/bx/n --> TU/latinmodern-math.otf(1)/b/n on inpu
t line 137.

Package fontspec Info: latinmodern-math scale = 0.9999967668407183.


Package fontspec Info: latinmodern-math scale = 1.000096766517402.


Package fontspec Info: latinmodern-math scale = 0.9999967668407183.


Package fontspec Info: latinmodern-math scale = 1.000096766517402.


Package fontspec Info: latinmodern-math scale = 0.9999967668407183.


Package fontspec Info: latinmodern-math scale = 1.000096766517402.


Package fontspec Info: latinmodern-math scale = 0.9999967668407183.


Package fontspec Info: latinmodern-math scale = 1.000096766517402.


Package fontspec Info: latinmodern-math scale = 0.9999967668407183.


Package fontspec Info: latinmodern-math scale = 1.000096766517402.


Package fontspec Info: Font family 'latinmodern-math.otf(2)' created for font
(fontspec)             'latinmodern-math.otf' with options
(fontspec)             [Scale=MatchLowercase,BoldItalicFont={},ItalicFont={},Sm
allCapsFont={},Script=Math,SizeFeatures={{Size=9.3075-},{Size=6.57-9.3075,Font=
latinmodern-math.otf,Style=MathScript},{Size=-6.57,Font=latinmodern-math.otf,St
yle=MathScriptScript}},BoldFont={latinmodern-math.otf},ScaleAgain=1.0001,FontAd
justment={\fontdimen
(fontspec)             8\font =7.41315pt\relax \fontdimen 9\font
(fontspec)             =4.3143pt\relax \fontdimen 10\font =4.8618pt\relax
(fontspec)             \fontdimen 11\font =7.5117pt\relax \fontdimen 12\font
(fontspec)             =3.77776pt\relax \fontdimen 13\font =3.97485pt\relax
(fontspec)             \fontdimen 14\font =3.97485pt\relax \fontdimen 15\font
(fontspec)             =3.16455pt\relax \fontdimen 16\font =2.70465pt\relax
(fontspec)             \fontdimen 17\font =2.70465pt\relax \fontdimen 18\font
(fontspec)             =2.7375pt\relax \fontdimen 19\font =2.19pt\relax
(fontspec)             \fontdimen 22\font =2.7375pt\relax \fontdimen 20\font
(fontspec)             =0pt\relax \fontdimen 21\font =0pt\relax }].
(fontspec)              
(fontspec)              This font family consists of the following NFSS
(fontspec)             series/shapes:
(fontspec)              
(fontspec)             - 'normal' (m/n) with NFSS spec.:
(fontspec)             <9.3075->s*[1.000096766517402]"[latinmodern-math.otf]/OT
:script=math;language=dflt;"<6.57-9.3075>s*[1.000096766517402]"[latinmodern-mat
h.otf]/OT:script=math;language=dflt;+ssty=0;"<-6.57>s*[1.000096766517402]"[lati
nmodern-math.otf]/OT:script=math;language=dflt;+ssty=1;"
(fontspec)             - 'small caps'  (m/sc) with NFSS spec.: 
(fontspec)             and font adjustment code:
(fontspec)             \fontdimen 8\font =7.41315pt\relax \fontdimen 9\font
(fontspec)             =4.3143pt\relax \fontdimen 10\font =4.8618pt\relax
(fontspec)             \fontdimen 11\font =7.5117pt\relax \fontdimen 12\font
(fontspec)             =3.77776pt\relax \fontdimen 13\font =3.97485pt\relax
(fontspec)             \fontdimen 14\font =3.97485pt\relax \fontdimen 15\font
(fontspec)             =3.16455pt\relax \fontdimen 16\font =2.70465pt\relax
(fontspec)             \fontdimen 17\font =2.70465pt\relax \fontdimen 18\font
(fontspec)             =2.7375pt\relax \fontdimen 19\font =2.19pt\relax
(fontspec)             \fontdimen 22\font =2.7375pt\relax \fontdimen 20\font
(fontspec)             =0pt\relax \fontdimen 21\font =0pt\relax 
(fontspec)             - 'bold' (b/n) with NFSS spec.:
(fontspec)             <->s*[1.000096766517402]"[latinmodern-math.otf]/OT:scrip
t=math;language=dflt;"
(fontspec)             - 'bold small caps'  (b/sc) with NFSS spec.: 
(fontspec)             and font adjustment code:
(fontspec)             \fontdimen 8\font =7.41315pt\relax \fontdimen 9\font
(fontspec)             =4.3143pt\relax \fontdimen 10\font =4.8618pt\relax
(fontspec)             \fontdimen 11\font =7.5117pt\relax \fontdimen 12\font
(fontspec)             =3.77776pt\relax \fontdimen 13\font =3.97485pt\relax
(fontspec)             \fontdimen 14\font =3.97485pt\relax \fontdimen 15\font
(fontspec)             =3.16455pt\relax \fontdimen 16\font =2.70465pt\relax
(fontspec)             \fontdimen 17\font =2.70465pt\relax \fontdimen 18\font
(fontspec)             =2.7375pt\relax \fontdimen 19\font =2.19pt\relax
(fontspec)             \fontdimen 22\font =2.7375pt\relax \fontdimen 20\font
(fontspec)             =0pt\relax \fontdimen 21\font =0pt\relax 

LaTeX Font Info:    Encoding `OMS' has changed to `TU' for symbol font
(Font)              `symbols' in the math version `normal' on input line 137.
LaTeX Font Info:    Overwriting symbol font `symbols' in version `normal'
(Font)                  OMS/cmsy/m/n --> TU/latinmodern-math.otf(2)/m/n on inpu
t line 137.
LaTeX Font Info:    Encoding `OMS' has changed to `TU' for symbol font
(Font)              `symbols' in the math version `bold' on input line 137.
LaTeX Font Info:    Overwriting symbol font `symbols' in version `bold'
(Font)                  OMS/cmsy/b/n --> TU/latinmodern-math.otf(2)/b/n on inpu
t line 137.

Package fontspec Info: latinmodern-math scale = 0.9999967668407183.


Package fontspec Info: latinmodern-math scale = 0.9998967671640342.


Package fontspec Info: latinmodern-math scale = 0.9999967668407183.


Package fontspec Info: latinmodern-math scale = 0.9998967671640342.


Package fontspec Info: latinmodern-math scale = 0.9999967668407183.


Package fontspec Info: latinmodern-math scale = 0.9998967671640342.


Package fontspec Info: latinmodern-math scale = 0.9999967668407183.


Package fontspec Info: latinmodern-math scale = 0.9998967671640342.


Package fontspec Info: latinmodern-math scale = 0.9999967668407183.


Package fontspec Info: latinmodern-math scale = 0.9998967671640342.


Package fontspec Info: Font family 'latinmodern-math.otf(3)' created for font
(fontspec)             'latinmodern-math.otf' with options
(fontspec)             [Scale=MatchLowercase,BoldItalicFont={},ItalicFont={},Sm
allCapsFont={},Script=Math,SizeFeatures={{Size=9.3075-},{Size=6.57-9.3075,Font=
latinmodern-math.otf,Style=MathScript},{Size=-6.57,Font=latinmodern-math.otf,St
yle=MathScriptScript}},BoldFont={latinmodern-math.otf},ScaleAgain=0.9999,FontAd
justment={\fontdimen
(fontspec)             8\font =0.438pt\relax \fontdimen 9\font =2.19pt\relax
(fontspec)             \fontdimen 10\font =1.82864pt\relax \fontdimen 11\font
(fontspec)             =1.21545pt\relax \fontdimen 12\font =6.56999pt\relax
(fontspec)             \fontdimen 13\font =0pt\relax }].
(fontspec)              
(fontspec)              This font family consists of the following NFSS
(fontspec)             series/shapes:
(fontspec)              
(fontspec)             - 'normal' (m/n) with NFSS spec.:
(fontspec)             <9.3075->s*[0.9998967671640342]"[latinmodern-math.otf]/O
T:script=math;language=dflt;"<6.57-9.3075>s*[0.9998967671640342]"[latinmodern-m
ath.otf]/OT:script=math;language=dflt;+ssty=0;"<-6.57>s*[0.9998967671640342]"[l
atinmodern-math.otf]/OT:script=math;language=dflt;+ssty=1;"
(fontspec)             - 'small caps'  (m/sc) with NFSS spec.: 
(fontspec)             and font adjustment code:
(fontspec)             \fontdimen 8\font =0.438pt\relax \fontdimen 9\font
(fontspec)             =2.19pt\relax \fontdimen 10\font =1.82864pt\relax
(fontspec)             \fontdimen 11\font =1.21545pt\relax \fontdimen 12\font
(fontspec)             =6.56999pt\relax \fontdimen 13\font =0pt\relax 
(fontspec)             - 'bold' (b/n) with NFSS spec.:
(fontspec)             <->s*[0.9998967671640342]"[latinmodern-math.otf]/OT:scri
pt=math;language=dflt;"
(fontspec)             - 'bold small caps'  (b/sc) with NFSS spec.: 
(fontspec)             and font adjustment code:
(fontspec)             \fontdimen 8\font =0.438pt\relax \fontdimen 9\font
(fontspec)             =2.19pt\relax \fontdimen 10\font =1.82864pt\relax
(fontspec)             \fontdimen 11\font =1.21545pt\relax \fontdimen 12\font
(fontspec)             =6.56999pt\relax \fontdimen 13\font =0pt\relax 

LaTeX Font Info:    Encoding `OMX' has changed to `TU' for symbol font
(Font)              `largesymbols' in the math version `normal' on input line 1
37.
LaTeX Font Info:    Overwriting symbol font `largesymbols' in version `normal'
(Font)                  OMX/cmex/m/n --> TU/latinmodern-math.otf(3)/m/n on inpu
t line 137.
LaTeX Font Info:    Encoding `OMX' has changed to `TU' for symbol font
(Font)              `largesymbols' in the math version `bold' on input line 137
.
LaTeX Font Info:    Overwriting symbol font `largesymbols' in version `bold'
(Font)                  OMX/cmex/m/n --> TU/latinmodern-math.otf(3)/b/n on inpu
t line 137.
LaTeX Info: Redefining \microtypecontext on input line 137.
Package microtype Info: Applying patch `item' on input line 137.
Package microtype Info: Applying patch `toc' on input line 137.
Package microtype Info: Applying patch `eqnum' on input line 137.
Package microtype Info: Applying patch `footnote' on input line 137.
Package microtype Info: Character protrusion enabled (level 2).
Package microtype Info: Using protrusion set `basicmath'.
Package microtype Info: No adjustment of tracking.
Package microtype Info: No adjustment of spacing.
Package microtype Info: No adjustment of kerning.

(C:\Users\Jarvis\AppData\Local\Programs\MiKTeX\tex/latex/microtype\mt-LatinMode
rnRoman.cfg
File: mt-LatinModernRoman.cfg 2021/02/21 v1.1 microtype config. file: Latin Mod
ern Roman (RS)
)
*geometry* driver: auto-detecting
*geometry* detected driver: xetex
*geometry* verbose mode - [ preamble ] result:
* driver: xetex
* paper: <default>
* layout: <same size as paper>
* layoutoffset:(h,v)=(0.0pt,0.0pt)
* modes: 
* h-part:(L,W,R)=(71.13188pt, 472.03123pt, 71.13188pt)
* v-part:(T,H,B)=(71.13188pt, 652.70622pt, 71.13188pt)
* \paperwidth=614.295pt
* \paperheight=794.96999pt
* \textwidth=472.03123pt
* \textheight=652.70622pt
* \oddsidemargin=-1.1381pt
* \evensidemargin=-1.1381pt
* \topmargin=-33.0119pt
* \headheight=12.0pt
* \headsep=19.8738pt
* \topskip=11.0pt
* \footskip=27.46295pt
* \marginparwidth=62.0pt
* \marginparsep=7.0pt
* \columnsep=10.0pt
* \skip\footins=10.0pt plus 4.0pt minus 2.0pt
* \hoffset=0.0pt
* \voffset=0.0pt
* \mag=1000
* \@twocolumnfalse
* \@twosidefalse
* \@mparswitchfalse
* \@reversemarginfalse
* (1in=72.27pt=25.4mm, 1cm=28.453pt)

Package hyperref Info: Link coloring OFF on input line 137.
(C:\Users\Jarvis\AppData\Local\Programs\MiKTeX\tex/latex/hyperref\nameref.sty
Package: nameref 2021-04-02 v2.47 Cross-referencing by name of section
(C:\Users\Jarvis\AppData\Local\Programs\MiKTeX\tex/latex/refcount\refcount.sty
Package: refcount 2019/12/15 v3.6 Data extraction from label references (HO)
)
(C:\Users\Jarvis\AppData\Local\Programs\MiKTeX\tex/generic/gettitlestring\getti
tlestring.sty
Package: gettitlestring 2019/12/15 v1.6 Cleanup title references (HO)
)
\c@section@level=\count326
)
LaTeX Info: Redefining \ref on input line 137.
LaTeX Info: Redefining \pageref on input line 137.
LaTeX Info: Redefining \nameref on input line 137.
LaTeX Font Info:    Font shape `TU/latinmodern-math.otf(1)/m/n' will be
(Font)              scaled to size 12.0pt on input line 139.
LaTeX Font Info:    Font shape `TU/latinmodern-math.otf(1)/m/n' will be
(Font)              scaled to size 8.0pt on input line 139.
LaTeX Font Info:    Font shape `TU/latinmodern-math.otf(1)/m/n' will be
(Font)              scaled to size 6.0pt on input line 139.
LaTeX Font Info:    Font shape `TU/latinmodern-math.otf(2)/m/n' will be
(Font)              scaled to size 12.0011pt on input line 139.
LaTeX Font Info:    Font shape `TU/latinmodern-math.otf(2)/m/n' will be
(Font)              scaled to size 8.00073pt on input line 139.
LaTeX Font Info:    Font shape `TU/latinmodern-math.otf(2)/m/n' will be
(Font)              scaled to size 6.00055pt on input line 139.
LaTeX Font Info:    Font shape `TU/latinmodern-math.otf(3)/m/n' will be
(Font)              scaled to size 11.99872pt on input line 139.
LaTeX Font Info:    Font shape `TU/latinmodern-math.otf(3)/m/n' will be
(Font)              scaled to size 7.99915pt on input line 139.
LaTeX Font Info:    Font shape `TU/latinmodern-math.otf(3)/m/n' will be
(Font)              scaled to size 5.99936pt on input line 139.
LaTeX Font Info:    Trying to load font information for U+msa on input line 139
.
(C:\Users\Jarvis\AppData\Local\Programs\MiKTeX\tex/latex/amsfonts\umsa.fd
File: umsa.fd 2013/01/14 v3.01 AMS symbols A
) (C:\Users\Jarvis\AppData\Local\Programs\MiKTeX\tex/latex/microtype\mt-msa.cfg
File: mt-msa.cfg 2006/02/04 v1.1 microtype config. file: AMS symbols (a) (RS)
)
LaTeX Font Info:    Trying to load font information for U+msb on input line 139
.
(C:\Users\Jarvis\AppData\Local\Programs\MiKTeX\tex/latex/amsfonts\umsb.fd
File: umsb.fd 2013/01/14 v3.01 AMS symbols B
) (C:\Users\Jarvis\AppData\Local\Programs\MiKTeX\tex/latex/microtype\mt-msb.cfg
File: mt-msb.cfg 2005/06/01 v1.0 microtype config. file: AMS symbols (b) (RS)
) [1


] (_main.toc
LaTeX Font Info:    Font shape `TU/latinmodern-math.otf(1)/m/n' will be
(Font)              scaled to size 7.665pt on input line 4.
LaTeX Font Info:    Font shape `TU/latinmodern-math.otf(1)/m/n' will be
(Font)              scaled to size 5.475pt on input line 4.
LaTeX Font Info:    Font shape `TU/latinmodern-math.otf(2)/m/n' will be
(Font)              scaled to size 10.95099pt on input line 4.
LaTeX Font Info:    Font shape `TU/latinmodern-math.otf(2)/m/n' will be
(Font)              scaled to size 7.66568pt on input line 4.
LaTeX Font Info:    Font shape `TU/latinmodern-math.otf(2)/m/n' will be
(Font)              scaled to size 5.4755pt on input line 4.
LaTeX Font Info:    Font shape `TU/latinmodern-math.otf(3)/m/n' will be
(Font)              scaled to size 10.94882pt on input line 4.
LaTeX Font Info:    Font shape `TU/latinmodern-math.otf(3)/m/n' will be
(Font)              scaled to size 7.66417pt on input line 4.
LaTeX Font Info:    Font shape `TU/latinmodern-math.otf(3)/m/n' will be
(Font)              scaled to size 5.47441pt on input line 4.
)
\tf@toc=\write4
\openout4 = `_main.toc'.

[1

] [2

] [3] [4]
\bbl@ensure@spanish {Capítulo} 1.

Underfull \hbox (badness 10000) in paragraph at lines 175--176

 []


Underfull \hbox (badness 10000) in paragraph at lines 184--186

 []

[5

]
File: recursos intro/Figura_1-Entorno.jpg Graphic file (type bmp)
<recursos intro/Figura_1-Entorno.jpg>
[6]
File: recursos intro/Figura_2-Operadores.jpg Graphic file (type bmp)
<recursos intro/Figura_2-Operadores.jpg>

Overfull \hbox (94.40503pt too wide) in paragraph at lines 239--240
 [][] 
 []

[7] [8] [9] [10]
Underfull \hbox (badness 10000) in paragraph at lines 472--474

 []

[11] [12] [13]
File: recursos intro/Figura_3-Importar.jpg Graphic file (type bmp)
<recursos intro/Figura_3-Importar.jpg>

Overfull \hbox (94.4054pt too wide) in paragraph at lines 650--651
 [][] 
 []

[14]
Overfull \hbox (68.35115pt too wide) in paragraph at lines 747--747
[]\TU/lmtt/m/n/10.95 ##  $ nom_mun   : chr [1:76] "Álvaro Obregón" "Tlalpan" "C
uauhtémoc" "Venustiano Carranza" ...[] 
 []


Overfull \hbox (148.83363pt too wide) in paragraph at lines 747--747
[]\TU/lmtt/m/n/10.95 ##  $ nom_ent   : chr [1:76] "Ciudad de México" "Ciudad de
 México" "Ciudad de México" "Ciudad de México" ...[] 
 []


Overfull \hbox (125.83864pt too wide) in paragraph at lines 747--747
[]\TU/lmtt/m/n/10.95 ##  $ nom_zm    : chr [1:76] "Valle de México" "Valle de M
éxico" "Valle de México" "Valle de México" ...[] 
 []

[15] [16]
Overfull \hbox (5.11491pt too wide) in paragraph at lines 800--800
[]\TU/lmtt/m/n/10.95 ##    cvemun cve_mun nom_mun      cve_ent nom_ent nom_abr 
nom_zm   cvm   ext  pob20[] 
 []


Overfull \hbox (5.11491pt too wide) in paragraph at lines 800--800
[]\TU/lmtt/m/n/10.95 ##    <chr>  <chr>   <chr>        <chr>   <chr>   <chr>   
<chr>  <dbl> <dbl>  <dbl>[] 
 []


Overfull \hbox (5.11491pt too wide) in paragraph at lines 800--800
[]\TU/lmtt/m/n/10.95 ##  1 09010  010     Álvaro Obre~ 09      Ciudad~ CDMX    
Valle~  9.01  96.2 759137[] 
 []


Overfull \hbox (5.11491pt too wide) in paragraph at lines 800--800
[]\TU/lmtt/m/n/10.95 ##  2 09012  012     Tlalpan      09      Ciudad~ CDMX    
Valle~  9.01 310.  699928[] 
 []


Overfull \hbox (5.11491pt too wide) in paragraph at lines 800--800
[]\TU/lmtt/m/n/10.95 ##  3 09015  015     Cuauhtémoc   09      Ciudad~ CDMX    
Valle~  9.01  32.5 545884[] 
 []


Overfull \hbox (5.11491pt too wide) in paragraph at lines 800--800
[]\TU/lmtt/m/n/10.95 ##  4 09017  017     Venustiano ~ 09      Ciudad~ CDMX    
Valle~  9.01  33.9 443704[] 
 []


Overfull \hbox (5.11491pt too wide) in paragraph at lines 800--800
[]\TU/lmtt/m/n/10.95 ##  5 09011  011     Tláhuac      09      Ciudad~ CDMX    
Valle~  9.01  85.8 392313[] 
 []


Overfull \hbox (5.11491pt too wide) in paragraph at lines 800--800
[]\TU/lmtt/m/n/10.95 ##  6 09002  002     Azcapotzalco 09      Ciudad~ CDMX    
Valle~  9.01  33.5 432205[] 
 []


Overfull \hbox (5.11491pt too wide) in paragraph at lines 800--800
[]\TU/lmtt/m/n/10.95 ##  7 09003  003     Coyoacán     09      Ciudad~ CDMX    
Valle~  9.01  53.9 614447[] 
 []


Overfull \hbox (5.11491pt too wide) in paragraph at lines 800--800
[]\TU/lmtt/m/n/10.95 ##  8 09013  013     Xochimilco   09      Ciudad~ CDMX    
Valle~  9.01 118.  442178[] 
 []


Overfull \hbox (5.11491pt too wide) in paragraph at lines 800--800
[]\TU/lmtt/m/n/10.95 ##  9 09004  004     Cuajimalpa ~ 09      Ciudad~ CDMX    
Valle~  9.01  71.2 217686[] 
 []


Overfull \hbox (5.11491pt too wide) in paragraph at lines 800--800
[]\TU/lmtt/m/n/10.95 ## 10 09016  016     Miguel Hida~ 09      Ciudad~ CDMX    
Valle~  9.01  46.4 414470[] 
 []


Overfull \hbox (5.11491pt too wide) in paragraph at lines 827--827
[]\TU/lmtt/m/n/10.95 ##   cvemun cve_mun nom_mun       cve_ent nom_ent nom_abr 
nom_zm   cvm   ext  pob20[] 
 []


Overfull \hbox (5.11491pt too wide) in paragraph at lines 827--827
[]\TU/lmtt/m/n/10.95 ##   <chr>  <chr>   <chr>         <chr>   <chr>   <chr>   
<chr>  <dbl> <dbl>  <dbl>[] 
 []


Overfull \hbox (5.11491pt too wide) in paragraph at lines 827--827
[]\TU/lmtt/m/n/10.95 ## 1 09010  010     Álvaro Obreg~ 09      Ciudad~ CDMX    
Valle~  9.01  96.2 759137[] 
 []


Overfull \hbox (5.11491pt too wide) in paragraph at lines 827--827
[]\TU/lmtt/m/n/10.95 ## 2 09012  012     Tlalpan       09      Ciudad~ CDMX    
Valle~  9.01 310.  699928[] 
 []


Overfull \hbox (5.11491pt too wide) in paragraph at lines 827--827
[]\TU/lmtt/m/n/10.95 ## 3 09015  015     Cuauhtémoc    09      Ciudad~ CDMX    
Valle~  9.01  32.5 545884[] 
 []


Overfull \hbox (5.11491pt too wide) in paragraph at lines 827--827
[]\TU/lmtt/m/n/10.95 ## 4 09017  017     Venustiano C~ 09      Ciudad~ CDMX    
Valle~  9.01  33.9 443704[] 
 []


Overfull \hbox (5.11491pt too wide) in paragraph at lines 827--827
[]\TU/lmtt/m/n/10.95 ## 5 09011  011     Tláhuac       09      Ciudad~ CDMX    
Valle~  9.01  85.8 392313[] 
 []


Overfull \hbox (5.11491pt too wide) in paragraph at lines 827--827
[]\TU/lmtt/m/n/10.95 ## 6 09002  002     Azcapotzalco  09      Ciudad~ CDMX    
Valle~  9.01  33.5 432205[] 
 []

[17]
Overfull \hbox (5.11491pt too wide) in paragraph at lines 852--852
[]\TU/lmtt/m/n/10.95 ##   cvemun cve_mun nom_mun      cve_ent nom_ent nom_abr n
om_zm   cvm    ext  pob20[] 
 []


Overfull \hbox (5.11491pt too wide) in paragraph at lines 852--852
[]\TU/lmtt/m/n/10.95 ##   <chr>  <chr>   <chr>        <chr>   <chr>   <chr>   <
chr>  <dbl>  <dbl>  <dbl>[] 
 []


Overfull \hbox (5.11491pt too wide) in paragraph at lines 852--852
[]\TU/lmtt/m/n/10.95 ## 1 15120  120     Zumpango     15      México  Mex.    V
alle~  9.01 224.   2.80e5[] 
 []


Overfull \hbox (5.11491pt too wide) in paragraph at lines 852--852
[]\TU/lmtt/m/n/10.95 ## 2 15121  121     Cuautitlán ~ 15      México  Mex.    V
alle~  9.01 110.   5.55e5[] 
 []


Overfull \hbox (5.11491pt too wide) in paragraph at lines 852--852
[]\TU/lmtt/m/n/10.95 ## 3 15122  122     Valle de Ch~ 15      México  Mex.    V
alle~  9.01  46.6  3.92e5[] 
 []


Overfull \hbox (5.11491pt too wide) in paragraph at lines 852--852
[]\TU/lmtt/m/n/10.95 ## 4 15125  125     Tonanitla    15      México  Mex.    V
alle~  9.01   9.04 1.49e4[] 
 []


Overfull \hbox (5.11491pt too wide) in paragraph at lines 852--852
[]\TU/lmtt/m/n/10.95 ## 5 15058  058     Nezahualcóy~ 15      México  Mex.    V
alle~  9.01  63.3  1.08e6[] 
 []


Overfull \hbox (5.11491pt too wide) in paragraph at lines 852--852
[]\TU/lmtt/m/n/10.95 ## 6 09005  005     Gustavo A. ~ 09      Ciudad~ CDMX    V
alle~  9.01  87.9  1.17e6[] 
 []

[18]
File: _main_files/figure-latex/unnamed-chunk-37-1.pdf Graphic file (type pdf)
<use _main_files/figure-latex/unnamed-chunk-37-1.pdf>
[19]
File: _main_files/figure-latex/unnamed-chunk-38-1.pdf Graphic file (type pdf)
<use _main_files/figure-latex/unnamed-chunk-38-1.pdf>
[20]
File: _main_files/figure-latex/unnamed-chunk-39-1.pdf Graphic file (type pdf)
<use _main_files/figure-latex/unnamed-chunk-39-1.pdf>
File: _main_files/figure-latex/unnamed-chunk-40-1.pdf Graphic file (type pdf)
<use _main_files/figure-latex/unnamed-chunk-40-1.pdf>
[21]
Underfull \hbox (badness 10000) in paragraph at lines 973--974

 []

[22]
File: _main_files/figure-latex/unnamed-chunk-41-1.pdf Graphic file (type pdf)
<use _main_files/figure-latex/unnamed-chunk-41-1.pdf>
File: _main_files/figure-latex/unnamed-chunk-41-2.pdf Graphic file (type pdf)
<use _main_files/figure-latex/unnamed-chunk-41-2.pdf>
[23]
File: _main_files/figure-latex/unnamed-chunk-41-3.pdf Graphic file (type pdf)
<use _main_files/figure-latex/unnamed-chunk-41-3.pdf>
[24]
File: _main_files/figure-latex/unnamed-chunk-42-1.pdf Graphic file (type pdf)
<use _main_files/figure-latex/unnamed-chunk-42-1.pdf>
[25]
File: _main_files/figure-latex/unnamed-chunk-43-1.pdf Graphic file (type pdf)
<use _main_files/figure-latex/unnamed-chunk-43-1.pdf>
[26]
File: _main_files/figure-latex/unnamed-chunk-43-2.pdf Graphic file (type pdf)
<use _main_files/figure-latex/unnamed-chunk-43-2.pdf>
[27]
File: _main_files/figure-latex/unnamed-chunk-44-1.pdf Graphic file (type pdf)
<use _main_files/figure-latex/unnamed-chunk-44-1.pdf>
[28]
File: _main_files/figure-latex/unnamed-chunk-44-2.pdf Graphic file (type pdf)
<use _main_files/figure-latex/unnamed-chunk-44-2.pdf>
[29]
File: _main_files/figure-latex/unnamed-chunk-44-3.pdf Graphic file (type pdf)
<use _main_files/figure-latex/unnamed-chunk-44-3.pdf>
[30] [31]
File: _main_files/figure-latex/unnamed-chunk-47-1.pdf Graphic file (type pdf)
<use _main_files/figure-latex/unnamed-chunk-47-1.pdf>
File: _main_files/figure-latex/unnamed-chunk-47-2.pdf Graphic file (type pdf)
<use _main_files/figure-latex/unnamed-chunk-47-2.pdf>
[32] [33] [34]
Overfull \hbox (5.11491pt too wide) in paragraph at lines 1308--1308
[]\TU/lmtt/m/n/10.95 ##    cvemun cve_mun nom_mun     cve_ent nom_ent nom_abr  
 cvm   ext  pob20 pob20_h[] 
 []


Overfull \hbox (5.11491pt too wide) in paragraph at lines 1308--1308
[]\TU/lmtt/m/n/10.95 ##    <chr>  <chr>   <chr>       <chr>   <chr>   <chr>   <
dbl> <dbl>  <dbl>   <dbl>[] 
 []


Overfull \hbox (5.11491pt too wide) in paragraph at lines 1308--1308
[]\TU/lmtt/m/n/10.95 ##  1 09010  010     Álvaro Obr~ 09      Ciudad~ CDMX     
9.01  96.2 759137  361007[] 
 []


Overfull \hbox (5.11491pt too wide) in paragraph at lines 1308--1308
[]\TU/lmtt/m/n/10.95 ##  2 09012  012     Tlalpan     09      Ciudad~ CDMX     
9.01 310.  699928  334877[] 
 []


Overfull \hbox (5.11491pt too wide) in paragraph at lines 1308--1308
[]\TU/lmtt/m/n/10.95 ##  3 09015  015     Cuauhtémoc  09      Ciudad~ CDMX     
9.01  32.5 545884  260951[] 
 []


Overfull \hbox (5.11491pt too wide) in paragraph at lines 1308--1308
[]\TU/lmtt/m/n/10.95 ##  4 09017  017     Venustiano~ 09      Ciudad~ CDMX     
9.01  33.9 443704  210118[] 
 []


Overfull \hbox (5.11491pt too wide) in paragraph at lines 1308--1308
[]\TU/lmtt/m/n/10.95 ##  5 09011  011     Tláhuac     09      Ciudad~ CDMX     
9.01  85.8 392313  190190[] 
 []


Overfull \hbox (5.11491pt too wide) in paragraph at lines 1308--1308
[]\TU/lmtt/m/n/10.95 ##  6 09002  002     Azcapotzal~ 09      Ciudad~ CDMX     
9.01  33.5 432205  204950[] 
 []


Overfull \hbox (5.11491pt too wide) in paragraph at lines 1308--1308
[]\TU/lmtt/m/n/10.95 ##  7 09003  003     Coyoacán    09      Ciudad~ CDMX     
9.01  53.9 614447  289110[] 
 []


Overfull \hbox (5.11491pt too wide) in paragraph at lines 1308--1308
[]\TU/lmtt/m/n/10.95 ##  8 09013  013     Xochimilco  09      Ciudad~ CDMX     
9.01 118.  442178  215452[] 
 []


Overfull \hbox (5.11491pt too wide) in paragraph at lines 1308--1308
[]\TU/lmtt/m/n/10.95 ##  9 09004  004     Cuajimalpa~ 09      Ciudad~ CDMX     
9.01  71.2 217686  104149[] 
 []


Overfull \hbox (5.11491pt too wide) in paragraph at lines 1308--1308
[]\TU/lmtt/m/n/10.95 ## 10 09016  016     Miguel Hid~ 09      Ciudad~ CDMX     
9.01  46.4 414470  195467[] 
 []

[35]
Overfull \hbox (5.11491pt too wide) in paragraph at lines 1358--1358
[]\TU/lmtt/m/n/10.95 ##    cvemun cve_mun nom_mun      cve_ent nom_ent nom_abr 
nom_zm   cvm   ext  pob20[] 
 []


Overfull \hbox (5.11491pt too wide) in paragraph at lines 1358--1358
[]\TU/lmtt/m/n/10.95 ##    <chr>  <chr>   <chr>        <chr>   <chr>   <chr>   
<chr>  <dbl> <dbl>  <dbl>[] 
 []


Overfull \hbox (5.11491pt too wide) in paragraph at lines 1358--1358
[]\TU/lmtt/m/n/10.95 ##  1 09010  010     Álvaro Obre~ 09      Ciudad~ CDMX    
Valle~  9.01  96.2 759137[] 
 []


Overfull \hbox (5.11491pt too wide) in paragraph at lines 1358--1358
[]\TU/lmtt/m/n/10.95 ##  2 09012  012     Tlalpan      09      Ciudad~ CDMX    
Valle~  9.01 310.  699928[] 
 []


Overfull \hbox (5.11491pt too wide) in paragraph at lines 1358--1358
[]\TU/lmtt/m/n/10.95 ##  3 09015  015     Cuauhtémoc   09      Ciudad~ CDMX    
Valle~  9.01  32.5 545884[] 
 []


Overfull \hbox (5.11491pt too wide) in paragraph at lines 1358--1358
[]\TU/lmtt/m/n/10.95 ##  4 09017  017     Venustiano ~ 09      Ciudad~ CDMX    
Valle~  9.01  33.9 443704[] 
 []


Overfull \hbox (5.11491pt too wide) in paragraph at lines 1358--1358
[]\TU/lmtt/m/n/10.95 ##  5 09011  011     Tláhuac      09      Ciudad~ CDMX    
Valle~  9.01  85.8 392313[] 
 []


Overfull \hbox (5.11491pt too wide) in paragraph at lines 1358--1358
[]\TU/lmtt/m/n/10.95 ##  6 09002  002     Azcapotzalco 09      Ciudad~ CDMX    
Valle~  9.01  33.5 432205[] 
 []


Overfull \hbox (5.11491pt too wide) in paragraph at lines 1358--1358
[]\TU/lmtt/m/n/10.95 ##  7 09003  003     Coyoacán     09      Ciudad~ CDMX    
Valle~  9.01  53.9 614447[] 
 []


Overfull \hbox (5.11491pt too wide) in paragraph at lines 1358--1358
[]\TU/lmtt/m/n/10.95 ##  8 09013  013     Xochimilco   09      Ciudad~ CDMX    
Valle~  9.01 118.  442178[] 
 []


Overfull \hbox (5.11491pt too wide) in paragraph at lines 1358--1358
[]\TU/lmtt/m/n/10.95 ##  9 09004  004     Cuajimalpa ~ 09      Ciudad~ CDMX    
Valle~  9.01  71.2 217686[] 
 []


Overfull \hbox (5.11491pt too wide) in paragraph at lines 1358--1358
[]\TU/lmtt/m/n/10.95 ## 10 09016  016     Miguel Hida~ 09      Ciudad~ CDMX    
Valle~  9.01  46.4 414470[] 
 []

[36]
Overfull \hbox (5.11491pt too wide) in paragraph at lines 1423--1423
[]\TU/lmtt/m/n/10.95 ##    cvemun cve_mun nom_mun      cve_ent nom_ent nom_abr 
nom_zm   cvm   ext  pob20[] 
 []


Overfull \hbox (5.11491pt too wide) in paragraph at lines 1423--1423
[]\TU/lmtt/m/n/10.95 ##    <chr>  <chr>   <chr>        <chr>   <chr>   <chr>   
<chr>  <dbl> <dbl>  <dbl>[] 
 []


Overfull \hbox (5.11491pt too wide) in paragraph at lines 1423--1423
[]\TU/lmtt/m/n/10.95 ##  1 15002  002     Acolman      15      México  Mex.    
Valle~  9.01  83.9 171507[] 
 []


Overfull \hbox (5.11491pt too wide) in paragraph at lines 1423--1423
[]\TU/lmtt/m/n/10.95 ##  2 15009  009     Amecameca    15      México  Mex.    
Valle~  9.01 189.   53441[] 
 []


Overfull \hbox (5.11491pt too wide) in paragraph at lines 1423--1423
[]\TU/lmtt/m/n/10.95 ##  3 15010  010     Apaxco       15      México  Mex.    
Valle~  9.01  75.7  31898[] 
 []


Overfull \hbox (5.11491pt too wide) in paragraph at lines 1423--1423
[]\TU/lmtt/m/n/10.95 ##  4 15011  011     Atenco       15      México  Mex.    
Valle~  9.01  84.6  75489[] 
 []


Overfull \hbox (5.11491pt too wide) in paragraph at lines 1423--1423
[]\TU/lmtt/m/n/10.95 ##  5 15013  013     Atizapán de~ 15      México  Mex.    
Valle~  9.01  91.1 523674[] 
 []


Overfull \hbox (5.11491pt too wide) in paragraph at lines 1423--1423
[]\TU/lmtt/m/n/10.95 ##  6 15015  015     Atlautla     15      México  Mex.    
Valle~  9.01 162.   31900[] 
 []


Overfull \hbox (5.11491pt too wide) in paragraph at lines 1423--1423
[]\TU/lmtt/m/n/10.95 ##  7 15016  016     Axapusco     15      México  Mex.    
Valle~  9.01 231.   29128[] 
 []


Overfull \hbox (5.11491pt too wide) in paragraph at lines 1423--1423
[]\TU/lmtt/m/n/10.95 ##  8 15017  017     Ayapango     15      México  Mex.    
Valle~  9.01  36.4  10053[] 
 []


Overfull \hbox (5.11491pt too wide) in paragraph at lines 1423--1423
[]\TU/lmtt/m/n/10.95 ##  9 15020  020     Coacalco de~ 15      México  Mex.    
Valle~  9.01  35.1 293444[] 
 []


Overfull \hbox (5.11491pt too wide) in paragraph at lines 1423--1423
[]\TU/lmtt/m/n/10.95 ## 10 15022  022     Cocotitlán   15      México  Mex.    
Valle~  9.01  15.0  15107[] 
 []

[37]
Overfull \hbox (5.11491pt too wide) in paragraph at lines 1453--1453
[]\TU/lmtt/m/n/10.95 ##    cvemun cve_mun nom_mun      cve_ent nom_ent nom_abr 
nom_zm   cvm   ext  pob20[] 
 []


Overfull \hbox (5.11491pt too wide) in paragraph at lines 1453--1453
[]\TU/lmtt/m/n/10.95 ##    <chr>  <chr>   <chr>        <chr>   <chr>   <chr>   
<chr>  <dbl> <dbl>  <dbl>[] 
 []


Overfull \hbox (5.11491pt too wide) in paragraph at lines 1453--1453
[]\TU/lmtt/m/n/10.95 ##  1 15002  002     Acolman      15      México  Mex.    
Valle~  9.01  83.9 171507[] 
 []


Overfull \hbox (5.11491pt too wide) in paragraph at lines 1453--1453
[]\TU/lmtt/m/n/10.95 ##  2 15009  009     Amecameca    15      México  Mex.    
Valle~  9.01 189.   53441[] 
 []


Overfull \hbox (5.11491pt too wide) in paragraph at lines 1453--1453
[]\TU/lmtt/m/n/10.95 ##  3 15010  010     Apaxco       15      México  Mex.    
Valle~  9.01  75.7  31898[] 
 []


Overfull \hbox (5.11491pt too wide) in paragraph at lines 1453--1453
[]\TU/lmtt/m/n/10.95 ##  4 15011  011     Atenco       15      México  Mex.    
Valle~  9.01  84.6  75489[] 
 []


Overfull \hbox (5.11491pt too wide) in paragraph at lines 1453--1453
[]\TU/lmtt/m/n/10.95 ##  5 15013  013     Atizapán de~ 15      México  Mex.    
Valle~  9.01  91.1 523674[] 
 []


Overfull \hbox (5.11491pt too wide) in paragraph at lines 1453--1453
[]\TU/lmtt/m/n/10.95 ##  6 15015  015     Atlautla     15      México  Mex.    
Valle~  9.01 162.   31900[] 
 []


Overfull \hbox (5.11491pt too wide) in paragraph at lines 1453--1453
[]\TU/lmtt/m/n/10.95 ##  7 15016  016     Axapusco     15      México  Mex.    
Valle~  9.01 231.   29128[] 
 []


Overfull \hbox (5.11491pt too wide) in paragraph at lines 1453--1453
[]\TU/lmtt/m/n/10.95 ##  8 15017  017     Ayapango     15      México  Mex.    
Valle~  9.01  36.4  10053[] 
 []


Overfull \hbox (5.11491pt too wide) in paragraph at lines 1453--1453
[]\TU/lmtt/m/n/10.95 ##  9 15020  020     Coacalco de~ 15      México  Mex.    
Valle~  9.01  35.1 293444[] 
 []


Overfull \hbox (5.11491pt too wide) in paragraph at lines 1453--1453
[]\TU/lmtt/m/n/10.95 ## 10 15022  022     Cocotitlán   15      México  Mex.    
Valle~  9.01  15.0  15107[] 
 []


Overfull \hbox (5.11491pt too wide) in paragraph at lines 1484--1484
[]\TU/lmtt/m/n/10.95 ##    cvemun cve_mun nom_mun      cve_ent nom_ent nom_abr 
nom_zm   cvm   ext  pob20[] 
 []


Overfull \hbox (5.11491pt too wide) in paragraph at lines 1484--1484
[]\TU/lmtt/m/n/10.95 ##    <chr>  <chr>   <chr>        <chr>   <chr>   <chr>   
<chr>  <dbl> <dbl>  <dbl>[] 
 []


Overfull \hbox (5.11491pt too wide) in paragraph at lines 1484--1484
[]\TU/lmtt/m/n/10.95 ##  1 09010  010     Álvaro Obre~ 09      Ciudad~ CDMX    
Valle~  9.01  96.2 759137[] 
 []


Overfull \hbox (5.11491pt too wide) in paragraph at lines 1484--1484
[]\TU/lmtt/m/n/10.95 ##  2 09012  012     Tlalpan      09      Ciudad~ CDMX    
Valle~  9.01 310.  699928[] 
 []


Overfull \hbox (5.11491pt too wide) in paragraph at lines 1484--1484
[]\TU/lmtt/m/n/10.95 ##  3 09015  015     Cuauhtémoc   09      Ciudad~ CDMX    
Valle~  9.01  32.5 545884[] 
 []


Overfull \hbox (5.11491pt too wide) in paragraph at lines 1484--1484
[]\TU/lmtt/m/n/10.95 ##  4 09017  017     Venustiano ~ 09      Ciudad~ CDMX    
Valle~  9.01  33.9 443704[] 
 []


Overfull \hbox (5.11491pt too wide) in paragraph at lines 1484--1484
[]\TU/lmtt/m/n/10.95 ##  5 09011  011     Tláhuac      09      Ciudad~ CDMX    
Valle~  9.01  85.8 392313[] 
 []


Overfull \hbox (5.11491pt too wide) in paragraph at lines 1484--1484
[]\TU/lmtt/m/n/10.95 ##  6 09002  002     Azcapotzalco 09      Ciudad~ CDMX    
Valle~  9.01  33.5 432205[] 
 []


Overfull \hbox (5.11491pt too wide) in paragraph at lines 1484--1484
[]\TU/lmtt/m/n/10.95 ##  7 09003  003     Coyoacán     09      Ciudad~ CDMX    
Valle~  9.01  53.9 614447[] 
 []


Overfull \hbox (5.11491pt too wide) in paragraph at lines 1484--1484
[]\TU/lmtt/m/n/10.95 ##  8 09013  013     Xochimilco   09      Ciudad~ CDMX    
Valle~  9.01 118.  442178[] 
 []


Overfull \hbox (5.11491pt too wide) in paragraph at lines 1484--1484
[]\TU/lmtt/m/n/10.95 ##  9 09004  004     Cuajimalpa ~ 09      Ciudad~ CDMX    
Valle~  9.01  71.2 217686[] 
 []


Overfull \hbox (5.11491pt too wide) in paragraph at lines 1484--1484
[]\TU/lmtt/m/n/10.95 ## 10 09016  016     Miguel Hida~ 09      Ciudad~ CDMX    
Valle~  9.01  46.4 414470[] 
 []

[38]
Underfull \hbox (badness 10000) in paragraph at lines 1493--1495

 []


Underfull \hbox (badness 10000) in paragraph at lines 1495--1497

 []


Overfull \hbox (5.11491pt too wide) in paragraph at lines 1536--1536
[]\TU/lmtt/m/n/10.95 ##    cvemun cve_mun nom_mun      cve_ent nom_ent nom_abr 
nom_zm   cvm   ext  pob20[] 
 []


Overfull \hbox (5.11491pt too wide) in paragraph at lines 1536--1536
[]\TU/lmtt/m/n/10.95 ##    <chr>  <chr>   <chr>        <chr>   <chr>   <chr>   
<chr>  <dbl> <dbl>  <dbl>[] 
 []


Overfull \hbox (5.11491pt too wide) in paragraph at lines 1536--1536
[]\TU/lmtt/m/n/10.95 ##  1 09002  002     Azcapotzalco 09      Ciudad~ CDMX    
Valle~  9.01  33.5 4.32e5[] 
 []


Overfull \hbox (5.11491pt too wide) in paragraph at lines 1536--1536
[]\TU/lmtt/m/n/10.95 ##  2 09003  003     Coyoacán     09      Ciudad~ CDMX    
Valle~  9.01  53.9 6.14e5[] 
 []


Overfull \hbox (5.11491pt too wide) in paragraph at lines 1536--1536
[]\TU/lmtt/m/n/10.95 ##  3 09004  004     Cuajimalpa ~ 09      Ciudad~ CDMX    
Valle~  9.01  71.2 2.18e5[] 
 []


Overfull \hbox (5.11491pt too wide) in paragraph at lines 1536--1536
[]\TU/lmtt/m/n/10.95 ##  4 09005  005     Gustavo A. ~ 09      Ciudad~ CDMX    
Valle~  9.01  87.9 1.17e6[] 
 []


Overfull \hbox (5.11491pt too wide) in paragraph at lines 1536--1536
[]\TU/lmtt/m/n/10.95 ##  5 09006  006     Iztacalco    09      Ciudad~ CDMX    
Valle~  9.01  23.1 4.05e5[] 
 []


Overfull \hbox (5.11491pt too wide) in paragraph at lines 1536--1536
[]\TU/lmtt/m/n/10.95 ##  6 09007  007     Iztapalapa   09      Ciudad~ CDMX    
Valle~  9.01 113.  1.84e6[] 
 []


Overfull \hbox (5.11491pt too wide) in paragraph at lines 1536--1536
[]\TU/lmtt/m/n/10.95 ##  7 09008  008     La Magdalen~ 09      Ciudad~ CDMX    
Valle~  9.01  63.4 2.48e5[] 
 []


Overfull \hbox (5.11491pt too wide) in paragraph at lines 1536--1536
[]\TU/lmtt/m/n/10.95 ##  8 09009  009     Milpa Alta   09      Ciudad~ CDMX    
Valle~  9.01 298.  1.53e5[] 
 []


Overfull \hbox (5.11491pt too wide) in paragraph at lines 1536--1536
[]\TU/lmtt/m/n/10.95 ##  9 09010  010     Álvaro Obre~ 09      Ciudad~ CDMX    
Valle~  9.01  96.2 7.59e5[] 
 []


Overfull \hbox (5.11491pt too wide) in paragraph at lines 1536--1536
[]\TU/lmtt/m/n/10.95 ## 10 09011  011     Tláhuac      09      Ciudad~ CDMX    
Valle~  9.01  85.8 3.92e5[] 
 []

[39]
Overfull \hbox (5.11491pt too wide) in paragraph at lines 1567--1567
[]\TU/lmtt/m/n/10.95 ##    cvemun cve_mun nom_mun      cve_ent nom_ent nom_abr 
nom_zm   cvm   ext  pob20[] 
 []


Overfull \hbox (5.11491pt too wide) in paragraph at lines 1567--1567
[]\TU/lmtt/m/n/10.95 ##    <chr>  <chr>   <chr>        <chr>   <chr>   <chr>   
<chr>  <dbl> <dbl>  <dbl>[] 
 []


Overfull \hbox (5.11491pt too wide) in paragraph at lines 1567--1567
[]\TU/lmtt/m/n/10.95 ##  1 09002  002     Azcapotzalco 09      Ciudad~ CDMX    
Valle~  9.01  33.5 4.32e5[] 
 []


Overfull \hbox (5.11491pt too wide) in paragraph at lines 1567--1567
[]\TU/lmtt/m/n/10.95 ##  2 09003  003     Coyoacán     09      Ciudad~ CDMX    
Valle~  9.01  53.9 6.14e5[] 
 []


Overfull \hbox (5.11491pt too wide) in paragraph at lines 1567--1567
[]\TU/lmtt/m/n/10.95 ##  3 09004  004     Cuajimalpa ~ 09      Ciudad~ CDMX    
Valle~  9.01  71.2 2.18e5[] 
 []


Overfull \hbox (5.11491pt too wide) in paragraph at lines 1567--1567
[]\TU/lmtt/m/n/10.95 ##  4 09005  005     Gustavo A. ~ 09      Ciudad~ CDMX    
Valle~  9.01  87.9 1.17e6[] 
 []


Overfull \hbox (5.11491pt too wide) in paragraph at lines 1567--1567
[]\TU/lmtt/m/n/10.95 ##  5 09006  006     Iztacalco    09      Ciudad~ CDMX    
Valle~  9.01  23.1 4.05e5[] 
 []


Overfull \hbox (5.11491pt too wide) in paragraph at lines 1567--1567
[]\TU/lmtt/m/n/10.95 ##  6 09007  007     Iztapalapa   09      Ciudad~ CDMX    
Valle~  9.01 113.  1.84e6[] 
 []


Overfull \hbox (5.11491pt too wide) in paragraph at lines 1567--1567
[]\TU/lmtt/m/n/10.95 ##  7 09008  008     La Magdalen~ 09      Ciudad~ CDMX    
Valle~  9.01  63.4 2.48e5[] 
 []


Overfull \hbox (5.11491pt too wide) in paragraph at lines 1567--1567
[]\TU/lmtt/m/n/10.95 ##  8 09009  009     Milpa Alta   09      Ciudad~ CDMX    
Valle~  9.01 298.  1.53e5[] 
 []


Overfull \hbox (5.11491pt too wide) in paragraph at lines 1567--1567
[]\TU/lmtt/m/n/10.95 ##  9 09010  010     Álvaro Obre~ 09      Ciudad~ CDMX    
Valle~  9.01  96.2 7.59e5[] 
 []


Overfull \hbox (5.11491pt too wide) in paragraph at lines 1567--1567
[]\TU/lmtt/m/n/10.95 ## 10 09011  011     Tláhuac      09      Ciudad~ CDMX    
Valle~  9.01  85.8 3.92e5[] 
 []


Overfull \hbox (5.11491pt too wide) in paragraph at lines 1598--1598
[]\TU/lmtt/m/n/10.95 ##    cvemun cve_mun nom_mun      cve_ent nom_ent nom_abr 
nom_zm   cvm   ext  pob20[] 
 []


Overfull \hbox (5.11491pt too wide) in paragraph at lines 1598--1598
[]\TU/lmtt/m/n/10.95 ##    <chr>  <chr>   <chr>        <chr>   <chr>   <chr>   
<chr>  <dbl> <dbl>  <dbl>[] 
 []


Overfull \hbox (5.11491pt too wide) in paragraph at lines 1598--1598
[]\TU/lmtt/m/n/10.95 ##  1 09002  002     Azcapotzalco 09      Ciudad~ CDMX    
Valle~  9.01  33.5 4.32e5[] 
 []


Overfull \hbox (5.11491pt too wide) in paragraph at lines 1598--1598
[]\TU/lmtt/m/n/10.95 ##  2 09003  003     Coyoacán     09      Ciudad~ CDMX    
Valle~  9.01  53.9 6.14e5[] 
 []


Overfull \hbox (5.11491pt too wide) in paragraph at lines 1598--1598
[]\TU/lmtt/m/n/10.95 ##  3 09004  004     Cuajimalpa ~ 09      Ciudad~ CDMX    
Valle~  9.01  71.2 2.18e5[] 
 []


Overfull \hbox (5.11491pt too wide) in paragraph at lines 1598--1598
[]\TU/lmtt/m/n/10.95 ##  4 09005  005     Gustavo A. ~ 09      Ciudad~ CDMX    
Valle~  9.01  87.9 1.17e6[] 
 []


Overfull \hbox (5.11491pt too wide) in paragraph at lines 1598--1598
[]\TU/lmtt/m/n/10.95 ##  5 09006  006     Iztacalco    09      Ciudad~ CDMX    
Valle~  9.01  23.1 4.05e5[] 
 []


Overfull \hbox (5.11491pt too wide) in paragraph at lines 1598--1598
[]\TU/lmtt/m/n/10.95 ##  6 09007  007     Iztapalapa   09      Ciudad~ CDMX    
Valle~  9.01 113.  1.84e6[] 
 []


Overfull \hbox (5.11491pt too wide) in paragraph at lines 1598--1598
[]\TU/lmtt/m/n/10.95 ##  7 09008  008     La Magdalen~ 09      Ciudad~ CDMX    
Valle~  9.01  63.4 2.48e5[] 
 []


Overfull \hbox (5.11491pt too wide) in paragraph at lines 1598--1598
[]\TU/lmtt/m/n/10.95 ##  8 09009  009     Milpa Alta   09      Ciudad~ CDMX    
Valle~  9.01 298.  1.53e5[] 
 []


Overfull \hbox (5.11491pt too wide) in paragraph at lines 1598--1598
[]\TU/lmtt/m/n/10.95 ##  9 09010  010     Álvaro Obre~ 09      Ciudad~ CDMX    
Valle~  9.01  96.2 7.59e5[] 
 []


Overfull \hbox (5.11491pt too wide) in paragraph at lines 1598--1598
[]\TU/lmtt/m/n/10.95 ## 10 09011  011     Tláhuac      09      Ciudad~ CDMX    
Valle~  9.01  85.8 3.92e5[] 
 []

[40] [41]
File: _main_files/figure-latex/unnamed-chunk-60-1.pdf Graphic file (type pdf)
<use _main_files/figure-latex/unnamed-chunk-60-1.pdf>
[42]
Overfull \vbox (2.1783pt too high) detected at line 1750
 []

[43] (_main.bbl [44]) [45

] (_main.aux) ) 
Here is how much of TeX's memory you used:
 21039 strings out of 410967
 385715 string characters out of 2823550
 896016 words of memory out of 3000000
 41475 multiletter control sequences out of 15000+600000
 475726 words of font info for 83 fonts, out of 8000000 for 9000
 1348 hyphenation exceptions out of 8191
 86i,6n,121p,1656b,540s stack positions out of 10000i,1000n,20000p,200000b,80000s

Output written on _main.pdf (46 pages).

! miktex-dvipdfmx: major issue: So far, you have not checked for MiKTeX updates.
! xelatex: major issue: So far, you have not checked for MiKTeX updates.
